timestamp: 2016-04-10T16:50:48.686821
CREATE TABLE auth_user(
    id INTEGER PRIMARY KEY AUTOINCREMENT,
    first_name CHAR(128),
    last_name CHAR(128),
    email CHAR(512),
    password CHAR(512),
    registration_key CHAR(512),
    reset_password_key CHAR(512),
    registration_id CHAR(512),
    is_admin CHAR(1),
    rollnumber INTEGER,
    address CHAR(512),
    phonenumber CHAR(512),
    fine INTEGER
);
success!
timestamp: 2016-04-10T16:50:48.829348
CREATE TABLE auth_group(
    id INTEGER PRIMARY KEY AUTOINCREMENT,
    role CHAR(512),
    description TEXT
);
success!
timestamp: 2016-04-10T16:50:48.964914
CREATE TABLE auth_membership(
    id INTEGER PRIMARY KEY AUTOINCREMENT,
    user_id INTEGER REFERENCES auth_user (id) ON DELETE CASCADE  ,
    group_id INTEGER REFERENCES auth_group (id) ON DELETE CASCADE  
);
success!
timestamp: 2016-04-10T16:50:49.122705
CREATE TABLE auth_permission(
    id INTEGER PRIMARY KEY AUTOINCREMENT,
    group_id INTEGER REFERENCES auth_group (id) ON DELETE CASCADE  ,
    name CHAR(512),
    table_name CHAR(512),
    record_id INTEGER
);
success!
timestamp: 2016-04-10T16:50:49.242408
CREATE TABLE auth_event(
    id INTEGER PRIMARY KEY AUTOINCREMENT,
    time_stamp TIMESTAMP,
    client_ip CHAR(512),
    user_id INTEGER REFERENCES auth_user (id) ON DELETE CASCADE  ,
    origin CHAR(512),
    description TEXT
);
success!
timestamp: 2016-04-10T16:50:49.365355
CREATE TABLE auth_cas(
    id INTEGER PRIMARY KEY AUTOINCREMENT,
    user_id INTEGER REFERENCES auth_user (id) ON DELETE CASCADE  ,
    created_on TIMESTAMP,
    service CHAR(512),
    ticket CHAR(512),
    renew CHAR(1)
);
success!
timestamp: 2016-04-10T16:50:49.515692
CREATE TABLE book(
    id INTEGER PRIMARY KEY AUTOINCREMENT,
    title CHAR(512) UNIQUE,
    author CHAR(512),
    edition CHAR(512),
    publisher CHAR(512),
    rating DOUBLE,
    sumrating DOUBLE,
    numrating DOUBLE,
    genre CHAR(512),
    cover CHAR(512),
    dateadded TIMESTAMP,
    ifebook INTEGER,
    ebook CHAR(512),
    numref INTEGER,
    numborrow INTEGER,
    numcopy INTEGER
);
success!
timestamp: 2016-04-10T16:50:49.814472
CREATE TABLE records(
    id INTEGER PRIMARY KEY AUTOINCREMENT,
    bookid INTEGER REFERENCES book (id) ON DELETE CASCADE  ,
    bookuser INTEGER REFERENCES auth_user (id) ON DELETE CASCADE  ,
    date_borrow TIMESTAMP,
    date_return TIMESTAMP,
    ifret CHAR(1)
);
success!
timestamp: 2016-04-10T16:50:49.970113
CREATE TABLE wish(
    id INTEGER PRIMARY KEY AUTOINCREMENT,
    bookid INTEGER REFERENCES book (id) ON DELETE CASCADE  ,
    bookuser INTEGER REFERENCES auth_user (id) ON DELETE CASCADE  
);
success!
